Using pre-set license
Built from '2020.3/release' branch; Version is '2020.3.31f1 (6b54b7616050) revision 7034039'; Using compiler version '192528614'; Build Type 'Release'
OS: 'Windows 10  (10.0.19044) 64bit Education' Language: 'pt' Physical Memory: 15741 MB
BatchMode: 1, IsHumanControllingUs: 0, StartBugReporterOnCrash: 0, Is64bit: 1, IsPro: 0

COMMAND LINE ARGUMENTS:
C:\Program Files\Unity\Hub\Editor\2020.3.31f1\Editor\Unity.exe
-adb2
-batchMode
-noUpm
-name
AssetImportWorker0
-projectPath
C:/Users/0040962013029/Documents/GitHub/Robobo
-logFile
Logs/AssetImportWorker0.log
-srvPort
1799
Successfully changed project path to: C:/Users/0040962013029/Documents/GitHub/Robobo
C:/Users/0040962013029/Documents/GitHub/Robobo
Using Asset Import Pipeline V2.
Refreshing native plugins compatible for Editor in 71.03 ms, found 3 plugins.
Preloading 0 native plugins for Editor in 0.00 ms.
Initialize engine version: 2020.3.31f1 (6b54b7616050)
[Subsystems] Discovering subsystems at path C:/Program Files/Unity/Hub/Editor/2020.3.31f1/Editor/Data/Resources/UnitySubsystems
[Subsystems] Discovering subsystems at path C:/Users/0040962013029/Documents/GitHub/Robobo/Assets
GfxDevice: creating device client; threaded=0
Direct3D:
    Version:  Direct3D 11.0 [level 11.1]
    Renderer: AMD Radeon(TM) Graphics (ID=0x1636)
    Vendor:   
    VRAM:     7870 MB
    Driver:   30.0.14030.4003
Initialize mono
Mono path[0] = 'C:/Program Files/Unity/Hub/Editor/2020.3.31f1/Editor/Data/Managed'
Mono path[1] = 'C:/Program Files/Unity/Hub/Editor/2020.3.31f1/Editor/Data/MonoBleedingEdge/lib/mono/unityjit'
Mono config path = 'C:/Program Files/Unity/Hub/Editor/2020.3.31f1/Editor/Data/MonoBleedingEdge/etc'
Using monoOptions --debugger-agent=transport=dt_socket,embedding=1,server=y,suspend=n,address=127.0.0.1:56960
Begin MonoManager ReloadAssembly
Registering precompiled unity dll's ...
Register platform support module: C:/Program Files/Unity/Hub/Editor/2020.3.31f1/Editor/Data/PlaybackEngines/WebGLSupport/UnityEditor.WebGL.Extensions.dll
Register platform support module: C:/Program Files/Unity/Hub/Editor/2020.3.31f1/Editor/Data/PlaybackEngines/WindowsStandaloneSupport/UnityEditor.WindowsStandalone.Extensions.dll
Registered in 0.001708 seconds.
Native extension for WindowsStandalone target not found
Native extension for WebGL target not found
Refreshing native plugins compatible for Editor in 42.95 ms, found 3 plugins.
Preloading 0 native plugins for Editor in 0.00 ms.
Mono: successfully reloaded assembly
- Completed reload, in  0.505 seconds
Domain Reload Profiling:
	ReloadAssembly (505ms)
		BeginReloadAssembly (51ms)
			ExecutionOrderSort (0ms)
			DisableScriptedObjects (0ms)
			BackupInstance (0ms)
			ReleaseScriptingObjects (0ms)
			CreateAndSetChildDomain (1ms)
		EndReloadAssembly (390ms)
			LoadAssemblies (49ms)
			RebuildTransferFunctionScriptingTraits (0ms)
			SetupTypeCache (123ms)
			ReleaseScriptCaches (0ms)
			RebuildScriptCaches (26ms)
			SetupLoadedEditorAssemblies (154ms)
				LogAssemblyErrors (0ms)
				InitializePlatformSupportModulesInManaged (5ms)
				SetLoadedEditorAssemblies (0ms)
				RefreshPlugins (43ms)
				BeforeProcessingInitializeOnLoad (10ms)
				ProcessInitializeOnLoadAttributes (69ms)
				ProcessInitializeOnLoadMethodAttributes (26ms)
				AfterProcessingInitializeOnLoad (0ms)
				EditorAssembliesLoaded (0ms)
			ExecutionOrderSort2 (0ms)
			AwakeInstancesAfterBackupRestoration (0ms)
Platform modules already initialized, skipping
Registering precompiled user dll's ...
Registered in 0.002505 seconds.
Begin MonoManager ReloadAssembly
Native extension for WindowsStandalone target not found
Native extension for WebGL target not found
Refreshing native plugins compatible for Editor in 42.66 ms, found 3 plugins.
Preloading 0 native plugins for Editor in 0.00 ms.
[ScriptCompilation] NOT recompiling all scripts because this is an import worker process. Reason to compile was: Define symbols changed
PlayerSettings Validation: Requested build target group (20) doesn't exist; #define symbols for scripting won't be added.
UnityEngine.StackTraceUtility:ExtractStackTrace ()
UnityEditor.PlayerSettings:SetScriptingDefineSymbolsForGroup (UnityEditor.BuildTargetGroup,string)
UnityStandardAssets.CrossPlatformInput.Inspector.CrossPlatformInitialize:SetEnabled (string,bool,bool) (at Assets/Standard Assets/Editor/CrossPlatformInput/CrossPlatformInputInitialize.cs:128)
UnityStandardAssets.CrossPlatformInput.Inspector.CrossPlatformInitialize:.cctor () (at Assets/Standard Assets/Editor/CrossPlatformInput/CrossPlatformInputInitialize.cs:22)
System.Runtime.CompilerServices.RuntimeHelpers:RunClassConstructor (System.RuntimeTypeHandle)
UnityEditor.EditorAssemblies:ProcessInitializeOnLoadAttributes (System.Type[])

[Assets/Standard Assets/Editor/CrossPlatformInput/CrossPlatformInputInitialize.cs line 128]

PlayerSettings Validation: Requested build target group (22) doesn't exist; #define symbols for scripting won't be added.
UnityEngine.StackTraceUtility:ExtractStackTrace ()
UnityEditor.PlayerSettings:SetScriptingDefineSymbolsForGroup (UnityEditor.BuildTargetGroup,string)
UnityStandardAssets.CrossPlatformInput.Inspector.CrossPlatformInitialize:SetEnabled (string,bool,bool) (at Assets/Standard Assets/Editor/CrossPlatformInput/CrossPlatformInputInitialize.cs:128)
UnityStandardAssets.CrossPlatformInput.Inspector.CrossPlatformInitialize:.cctor () (at Assets/Standard Assets/Editor/CrossPlatformInput/CrossPlatformInputInitialize.cs:22)
System.Runtime.CompilerServices.RuntimeHelpers:RunClassConstructor (System.RuntimeTypeHandle)
UnityEditor.EditorAssemblies:ProcessInitializeOnLoadAttributes (System.Type[])

[Assets/Standard Assets/Editor/CrossPlatformInput/CrossPlatformInputInitialize.cs line 128]

PlayerSettings Validation: Requested build target group (17) doesn't exist; #define symbols for scripting won't be added.
UnityEngine.StackTraceUtility:ExtractStackTrace ()
UnityEditor.PlayerSettings:SetScriptingDefineSymbolsForGroup (UnityEditor.BuildTargetGroup,string)
UnityStandardAssets.CrossPlatformInput.Inspector.CrossPlatformInitialize:SetEnabled (string,bool,bool) (at Assets/Standard Assets/Editor/CrossPlatformInput/CrossPlatformInputInitialize.cs:128)
UnityStandardAssets.CrossPlatformInput.Inspector.CrossPlatformInitialize:.cctor () (at Assets/Standard Assets/Editor/CrossPlatformInput/CrossPlatformInputInitialize.cs:22)
System.Runtime.CompilerServices.RuntimeHelpers:RunClassConstructor (System.RuntimeTypeHandle)
UnityEditor.EditorAssemblies:ProcessInitializeOnLoadAttributes (System.Type[])

[Assets/Standard Assets/Editor/CrossPlatformInput/CrossPlatformInputInitialize.cs line 128]

Mono: successfully reloaded assembly
- Completed reload, in  0.960 seconds
Domain Reload Profiling:
	ReloadAssembly (961ms)
		BeginReloadAssembly (123ms)
			ExecutionOrderSort (0ms)
			DisableScriptedObjects (4ms)
			BackupInstance (0ms)
			ReleaseScriptingObjects (0ms)
			CreateAndSetChildDomain (17ms)
		EndReloadAssembly (782ms)
			LoadAssemblies (79ms)
			RebuildTransferFunctionScriptingTraits (0ms)
			SetupTypeCache (246ms)
			ReleaseScriptCaches (0ms)
			RebuildScriptCaches (44ms)
			SetupLoadedEditorAssemblies (311ms)
				LogAssemblyErrors (0ms)
				InitializePlatformSupportModulesInManaged (4ms)
				SetLoadedEditorAssemblies (0ms)
				RefreshPlugins (43ms)
				BeforeProcessingInitializeOnLoad (70ms)
				ProcessInitializeOnLoadAttributes (174ms)
				ProcessInitializeOnLoadMethodAttributes (14ms)
				AfterProcessingInitializeOnLoad (5ms)
				EditorAssembliesLoaded (0ms)
			ExecutionOrderSort2 (0ms)
			AwakeInstancesAfterBackupRestoration (5ms)
Platform modules already initialized, skipping
========================================================================
Worker process is ready to serve import requests
Launched and connected shader compiler UnityShaderCompiler.exe after 0.05 seconds
Refreshing native plugins compatible for Editor in 0.51 ms, found 3 plugins.
Preloading 0 native plugins for Editor in 0.00 ms.
Unloading 2242 Unused Serialized files (Serialized files now loaded: 0)
System memory in use before: 98.2 MB.
System memory in use after: 98.1 MB.

Unloading 31 unused Assets to reduce memory usage. Loaded Objects now: 2673.
Total: 3.231800 ms (FindLiveObjects: 0.297800 ms CreateObjectMapping: 0.098600 ms MarkObjects: 2.694400 ms  DeleteObjects: 0.139900 ms)

AssetImportParameters requested are different than current active one (requested -> active):
  custom:framework-win-MediaFoundation: 216162199b28c13a410421893ffa2e32 -> 
  custom:video-decoder-ogg-theora: a1e56fd34408186e4bbccfd4996cb3dc -> 
  custom:container-muxer-webm: aa71ff27fc2769a1b78a27578f13a17b -> 
  custom:container-demuxer-webm: 4f35f7cbe854078d1ac9338744f61a02 -> 
  custom:container-demuxer-ogg: 62fdf1f143b41e24485cea50d1cbac27 -> 
  custom:video-encoder-webm-vp8: eb34c28f22e8b96e1ab97ce403110664 -> 
  custom:video-decoder-webm-vp8: 9c59270c3fd7afecdb556c50c9e8de78 -> 
  custom:audio-decoder-ogg-vorbis: bf7c407c2cedff20999df2af8eb42d56 -> 
  custom:audio-encoder-webm-vorbis: bf7c407c2cedff20999df2af8eb42d56 -> 
========================================================================
Received Import Request.
  path: Assets/Standard Assets/2D
  artifactKey: Guid(27dbec7630294d64c9ab91261656cbd4) Importer(815301076,1909f56bfc062723c751e8b465ee728b)
Start importing Assets/Standard Assets/2D using Guid(27dbec7630294d64c9ab91261656cbd4) Importer(815301076,1909f56bfc062723c751e8b465ee728b)  -> (artifact id: 'b6d6f6bff21cae3baff8bc1f0db7425c') in 0.005286 seconds 
========================================================================
Received Import Request.
  Time since last request: 0.000172 seconds.
  path: Assets/Standard Assets
  artifactKey: Guid(96972d883fc9f4e0089a1168edad2b06) Importer(815301076,1909f56bfc062723c751e8b465ee728b)
Start importing Assets/Standard Assets using Guid(96972d883fc9f4e0089a1168edad2b06) Importer(815301076,1909f56bfc062723c751e8b465ee728b)  -> (artifact id: 'b715f3276eaf33cf8260ce7e6c30ec29') in 0.002076 seconds 
========================================================================
Received Import Request.
  Time since last request: 0.000296 seconds.
  path: Assets/Standard Assets/Characters
  artifactKey: Guid(8c32f58513a41ef4dab9cb7704c5fb92) Importer(815301076,1909f56bfc062723c751e8b465ee728b)
Start importing Assets/Standard Assets/Characters using Guid(8c32f58513a41ef4dab9cb7704c5fb92) Importer(815301076,1909f56bfc062723c751e8b465ee728b)  -> (artifact id: 'b5650032b0934e15e70c8529e6984721') in 0.002451 seconds 
========================================================================
Received Import Request.
  Time since last request: 1.120651 seconds.
  path: Assets/Standard Assets/2D/Prefabs
  artifactKey: Guid(e6569085fafaa4cd1b747c51376fa329) Importer(815301076,1909f56bfc062723c751e8b465ee728b)
Start importing Assets/Standard Assets/2D/Prefabs using Guid(e6569085fafaa4cd1b747c51376fa329) Importer(815301076,1909f56bfc062723c751e8b465ee728b)  -> (artifact id: 'f6e1f6ae5db803c4e9412922e2fc3aca') in 0.002124 seconds 
========================================================================
Received Import Request.
  Time since last request: 0.055149 seconds.
  path: Assets/Standard Assets/2D/Prefabs/CharacterRobotBoy.prefab
  artifactKey: Guid(87a2357765801c34292d6718d8b4d770) Importer(815301076,1909f56bfc062723c751e8b465ee728b)
Start importing Assets/Standard Assets/2D/Prefabs/CharacterRobotBoy.prefab using Guid(87a2357765801c34292d6718d8b4d770) Importer(815301076,1909f56bfc062723c751e8b465ee728b)  -> (artifact id: 'f8f91cc21f452d24bf1b6073b1fbf924') in 0.145444 seconds 
========================================================================
Received Import Request.
  Time since last request: 0.000231 seconds.
  path: Assets/Standard Assets/2D/Prefabs/Platform04x01.prefab
  artifactKey: Guid(57977547c59abb546bbb1501e3c417db) Importer(815301076,1909f56bfc062723c751e8b465ee728b)
Start importing Assets/Standard Assets/2D/Prefabs/Platform04x01.prefab using Guid(57977547c59abb546bbb1501e3c417db) Importer(815301076,1909f56bfc062723c751e8b465ee728b)  -> (artifact id: 'c482c1fe3ef2f1a247317addf5153e3f') in 0.009816 seconds 
========================================================================
Received Import Request.
  Time since last request: 0.000340 seconds.
  path: Assets/Standard Assets/2D/Prefabs/CollisionSlider.prefab
  artifactKey: Guid(2a71c12ae885e4f80b5144a4652bbeb4) Importer(815301076,1909f56bfc062723c751e8b465ee728b)
Start importing Assets/Standard Assets/2D/Prefabs/CollisionSlider.prefab using Guid(2a71c12ae885e4f80b5144a4652bbeb4) Importer(815301076,1909f56bfc062723c751e8b465ee728b)  -> (artifact id: 'bfee306bc2b421ac21586d022ee7443e') in 0.004884 seconds 
========================================================================
Received Import Request.
  Time since last request: 0.000270 seconds.
  path: Assets/Standard Assets/2D/Prefabs/ExtentsLeft.prefab
  artifactKey: Guid(0eb16b4b3e362ef4f97494dd0e686c46) Importer(815301076,1909f56bfc062723c751e8b465ee728b)
Start importing Assets/Standard Assets/2D/Prefabs/ExtentsLeft.prefab using Guid(0eb16b4b3e362ef4f97494dd0e686c46) Importer(815301076,1909f56bfc062723c751e8b465ee728b)  -> (artifact id: '5542bc383bdc16b819e1b20175417d5d') in 0.010092 seconds 
========================================================================
Received Import Request.
  Time since last request: 0.000268 seconds.
  path: Assets/Standard Assets/2D/Prefabs/Platform12x01.prefab
  artifactKey: Guid(0ce4cbc241d3aca4da0b94a0ffa0d51f) Importer(815301076,1909f56bfc062723c751e8b465ee728b)
Start importing Assets/Standard Assets/2D/Prefabs/Platform12x01.prefab using Guid(0ce4cbc241d3aca4da0b94a0ffa0d51f) Importer(815301076,1909f56bfc062723c751e8b465ee728b)  -> (artifact id: 'ef5c334e24a0c317f2487e6c43b84051') in 0.009104 seconds 
========================================================================
Received Import Request.
  Time since last request: 0.000268 seconds.
  path: Assets/Standard Assets/2D/Prefabs/Killzone.prefab
  artifactKey: Guid(a038b284634e29f4aaf058814aa61a6f) Importer(815301076,1909f56bfc062723c751e8b465ee728b)
Start importing Assets/Standard Assets/2D/Prefabs/Killzone.prefab using Guid(a038b284634e29f4aaf058814aa61a6f) Importer(815301076,1909f56bfc062723c751e8b465ee728b)  -> (artifact id: '275752a3d7e3e063d207f0f1cef4f615') in 0.005487 seconds 
========================================================================
Received Import Request.
  Time since last request: 0.000258 seconds.
  path: Assets/Standard Assets/2D/Prefabs/Platform36x01.prefab
  artifactKey: Guid(d024aaa09f4080d448d16f62d1a97b0b) Importer(815301076,1909f56bfc062723c751e8b465ee728b)
Start importing Assets/Standard Assets/2D/Prefabs/Platform36x01.prefab using Guid(d024aaa09f4080d448d16f62d1a97b0b) Importer(815301076,1909f56bfc062723c751e8b465ee728b)  -> (artifact id: 'd237ac534a3e7cc45d6449842a4bc95f') in 0.009971 seconds 
========================================================================
Received Import Request.
  Time since last request: 0.000251 seconds.
  path: Assets/Standard Assets/2D/Prefabs/Platform08x01.prefab
  artifactKey: Guid(674c23718320e9d498cdad2a5bcd576a) Importer(815301076,1909f56bfc062723c751e8b465ee728b)
Start importing Assets/Standard Assets/2D/Prefabs/Platform08x01.prefab using Guid(674c23718320e9d498cdad2a5bcd576a) Importer(815301076,1909f56bfc062723c751e8b465ee728b)  -> (artifact id: '8c6464ac27baabeccfae149129f66ef2') in 0.010533 seconds 
========================================================================
Received Import Request.
  Time since last request: 0.000311 seconds.
  path: Assets/Standard Assets/2D/Prefabs/CratePink.prefab
  artifactKey: Guid(18fcd494ab71841d695135246693eb3a) Importer(815301076,1909f56bfc062723c751e8b465ee728b)
Start importing Assets/Standard Assets/2D/Prefabs/CratePink.prefab using Guid(18fcd494ab71841d695135246693eb3a) Importer(815301076,1909f56bfc062723c751e8b465ee728b)  -> (artifact id: 'b24eb598dc521a2e144849113f647e09') in 0.033639 seconds 
========================================================================
Received Import Request.
  Time since last request: 0.000321 seconds.
  path: Assets/Standard Assets/2D/Prefabs/PlatformRamp.prefab
  artifactKey: Guid(47d3e747b2e87de4c8358aaa436365ea) Importer(815301076,1909f56bfc062723c751e8b465ee728b)
Start importing Assets/Standard Assets/2D/Prefabs/PlatformRamp.prefab using Guid(47d3e747b2e87de4c8358aaa436365ea) Importer(815301076,1909f56bfc062723c751e8b465ee728b)  -> (artifact id: 'c5b36a72523d28fa18d011c11e4f3f69') in 0.008849 seconds 
========================================================================
Received Import Request.
  Time since last request: 0.000279 seconds.
  path: Assets/Standard Assets/2D/Prefabs/Platform16x01.prefab
  artifactKey: Guid(ba4eef1c1bb56b444b143beb8d3e30d5) Importer(815301076,1909f56bfc062723c751e8b465ee728b)
Start importing Assets/Standard Assets/2D/Prefabs/Platform16x01.prefab using Guid(ba4eef1c1bb56b444b143beb8d3e30d5) Importer(815301076,1909f56bfc062723c751e8b465ee728b)  -> (artifact id: 'b22112a0b3e2c3fd47b16ca9ef8e3975') in 0.009836 seconds 
========================================================================
Received Import Request.
  Time since last request: 0.000260 seconds.
  path: Assets/Standard Assets/2D/Prefabs/ExtentsRight.prefab
  artifactKey: Guid(b241b59d6a89aff4fbf0bce77e644761) Importer(815301076,1909f56bfc062723c751e8b465ee728b)
Start importing Assets/Standard Assets/2D/Prefabs/ExtentsRight.prefab using Guid(b241b59d6a89aff4fbf0bce77e644761) Importer(815301076,1909f56bfc062723c751e8b465ee728b)  -> (artifact id: '669ba14bceb8d0167c41b37b8b1ad560') in 0.009973 seconds 
========================================================================
Received Import Request.
  Time since last request: 75.897310 seconds.
  path: Assets/Standard Assets/2D/PhysicsMaterials/BouncyBox.physicsMaterial2D
  artifactKey: Guid(8be6341e1ce3f4cec9902bc34f72d20a) Importer(815301076,1909f56bfc062723c751e8b465ee728b)
Start importing Assets/Standard Assets/2D/PhysicsMaterials/BouncyBox.physicsMaterial2D using Guid(8be6341e1ce3f4cec9902bc34f72d20a) Importer(815301076,1909f56bfc062723c751e8b465ee728b)  -> (artifact id: '59e0635df5aa0c50313f3327bb5b127e') in 0.005630 seconds 
========================================================================
Received Import Request.
  Time since last request: 0.000192 seconds.
  path: Assets/Standard Assets/2D/PhysicsMaterials/Sticky.physicsMaterial2D
  artifactKey: Guid(0cb77231a430b454fb792ff7ffcc3943) Importer(815301076,1909f56bfc062723c751e8b465ee728b)
Start importing Assets/Standard Assets/2D/PhysicsMaterials/Sticky.physicsMaterial2D using Guid(0cb77231a430b454fb792ff7ffcc3943) Importer(815301076,1909f56bfc062723c751e8b465ee728b)  -> (artifact id: '97a77d0724476b03676305c42149d864') in 0.004390 seconds 
========================================================================
Received Import Request.
  Time since last request: 0.000297 seconds.
  path: Assets/Standard Assets/2D/PhysicsMaterials/Slippery.physicsMaterial2D
  artifactKey: Guid(3626fe8e008014f6bbd19bb72937b311) Importer(815301076,1909f56bfc062723c751e8b465ee728b)
Start importing Assets/Standard Assets/2D/PhysicsMaterials/Slippery.physicsMaterial2D using Guid(3626fe8e008014f6bbd19bb72937b311) Importer(815301076,1909f56bfc062723c751e8b465ee728b)  -> (artifact id: '0ae21ad3eeac358ae8fae75deb22495d') in 0.004533 seconds 
========================================================================
Received Import Request.
  Time since last request: 4.320626 seconds.
  path: Assets/Standard Assets/2D/Scripts/Platformer2DUserControl.cs
  artifactKey: Guid(c3d7b34a3bb2d4e4b926e7e729d3d410) Importer(815301076,1909f56bfc062723c751e8b465ee728b)
Start importing Assets/Standard Assets/2D/Scripts/Platformer2DUserControl.cs using Guid(c3d7b34a3bb2d4e4b926e7e729d3d410) Importer(815301076,1909f56bfc062723c751e8b465ee728b)  -> (artifact id: '140d4a6aa17494d22f44db1059adceac') in 0.006161 seconds 
========================================================================
Received Import Request.
  Time since last request: 10.317551 seconds.
  path: Assets/Standard Assets/2D/Scripts/PlatformerCharacter2D.cs
  artifactKey: Guid(d08f91df3bd212f429df17f53ce2f364) Importer(815301076,1909f56bfc062723c751e8b465ee728b)
Start importing Assets/Standard Assets/2D/Scripts/PlatformerCharacter2D.cs using Guid(d08f91df3bd212f429df17f53ce2f364) Importer(815301076,1909f56bfc062723c751e8b465ee728b)  -> (artifact id: 'b6927da060ac1209e047f0436a8dc57b') in 0.002117 seconds 
========================================================================
Received Prepare
Registering precompiled user dll's ...
Registered in 0.002357 seconds.
Begin MonoManager ReloadAssembly
Native extension for WindowsStandalone target not found
Native extension for WebGL target not found
Refreshing native plugins compatible for Editor in 0.52 ms, found 3 plugins.
Preloading 0 native plugins for Editor in 0.00 ms.
[ScriptCompilation] NOT recompiling all scripts because this is an import worker process. Reason to compile was: Define symbols changed
PlayerSettings Validation: Requested build target group (20) doesn't exist; #define symbols for scripting won't be added.
UnityEngine.StackTraceUtility:ExtractStackTrace ()
UnityEditor.PlayerSettings:SetScriptingDefineSymbolsForGroup (UnityEditor.BuildTargetGroup,string)
UnityStandardAssets.CrossPlatformInput.Inspector.CrossPlatformInitialize:SetEnabled (string,bool,bool) (at Assets/Standard Assets/Editor/CrossPlatformInput/CrossPlatformInputInitialize.cs:128)
UnityStandardAssets.CrossPlatformInput.Inspector.CrossPlatformInitialize:.cctor () (at Assets/Standard Assets/Editor/CrossPlatformInput/CrossPlatformInputInitialize.cs:22)
System.Runtime.CompilerServices.RuntimeHelpers:RunClassConstructor (System.RuntimeTypeHandle)
UnityEditor.EditorAssemblies:ProcessInitializeOnLoadAttributes (System.Type[])

[Assets/Standard Assets/Editor/CrossPlatformInput/CrossPlatformInputInitialize.cs line 128]

PlayerSettings Validation: Requested build target group (22) doesn't exist; #define symbols for scripting won't be added.
UnityEngine.StackTraceUtility:ExtractStackTrace ()
UnityEditor.PlayerSettings:SetScriptingDefineSymbolsForGroup (UnityEditor.BuildTargetGroup,string)
UnityStandardAssets.CrossPlatformInput.Inspector.CrossPlatformInitialize:SetEnabled (string,bool,bool) (at Assets/Standard Assets/Editor/CrossPlatformInput/CrossPlatformInputInitialize.cs:128)
UnityStandardAssets.CrossPlatformInput.Inspector.CrossPlatformInitialize:.cctor () (at Assets/Standard Assets/Editor/CrossPlatformInput/CrossPlatformInputInitialize.cs:22)
System.Runtime.CompilerServices.RuntimeHelpers:RunClassConstructor (System.RuntimeTypeHandle)
UnityEditor.EditorAssemblies:ProcessInitializeOnLoadAttributes (System.Type[])

[Assets/Standard Assets/Editor/CrossPlatformInput/CrossPlatformInputInitialize.cs line 128]

PlayerSettings Validation: Requested build target group (17) doesn't exist; #define symbols for scripting won't be added.
UnityEngine.StackTraceUtility:ExtractStackTrace ()
UnityEditor.PlayerSettings:SetScriptingDefineSymbolsForGroup (UnityEditor.BuildTargetGroup,string)
UnityStandardAssets.CrossPlatformInput.Inspector.CrossPlatformInitialize:SetEnabled (string,bool,bool) (at Assets/Standard Assets/Editor/CrossPlatformInput/CrossPlatformInputInitialize.cs:128)
UnityStandardAssets.CrossPlatformInput.Inspector.CrossPlatformInitialize:.cctor () (at Assets/Standard Assets/Editor/CrossPlatformInput/CrossPlatformInputInitialize.cs:22)
System.Runtime.CompilerServices.RuntimeHelpers:RunClassConstructor (System.RuntimeTypeHandle)
UnityEditor.EditorAssemblies:ProcessInitializeOnLoadAttributes (System.Type[])

[Assets/Standard Assets/Editor/CrossPlatformInput/CrossPlatformInputInitialize.cs line 128]

Mono: successfully reloaded assembly
- Completed reload, in  0.841 seconds
Domain Reload Profiling:
	ReloadAssembly (841ms)
		BeginReloadAssembly (99ms)
			ExecutionOrderSort (0ms)
			DisableScriptedObjects (5ms)
			BackupInstance (0ms)
			ReleaseScriptingObjects (0ms)
			CreateAndSetChildDomain (31ms)
		EndReloadAssembly (690ms)
			LoadAssemblies (78ms)
			RebuildTransferFunctionScriptingTraits (0ms)
			SetupTypeCache (237ms)
			ReleaseScriptCaches (1ms)
			RebuildScriptCaches (39ms)
			SetupLoadedEditorAssemblies (251ms)
				LogAssemblyErrors (0ms)
				InitializePlatformSupportModulesInManaged (4ms)
				SetLoadedEditorAssemblies (0ms)
				RefreshPlugins (1ms)
				BeforeProcessingInitializeOnLoad (80ms)
				ProcessInitializeOnLoadAttributes (153ms)
				ProcessInitializeOnLoadMethodAttributes (9ms)
				AfterProcessingInitializeOnLoad (5ms)
				EditorAssembliesLoaded (0ms)
			ExecutionOrderSort2 (0ms)
			AwakeInstancesAfterBackupRestoration (7ms)
Platform modules already initialized, skipping
Refreshing native plugins compatible for Editor in 0.51 ms, found 3 plugins.
Preloading 0 native plugins for Editor in 0.00 ms.
Unloading 2237 Unused Serialized files (Serialized files now loaded: 0)
System memory in use before: 101.3 MB.
System memory in use after: 101.2 MB.

Unloading 20 unused Assets to reduce memory usage. Loaded Objects now: 2683.
Total: 3.470800 ms (FindLiveObjects: 0.211400 ms CreateObjectMapping: 0.066900 ms MarkObjects: 3.072000 ms  DeleteObjects: 0.119300 ms)

AssetImportParameters requested are different than current active one (requested -> active):
  custom:framework-win-MediaFoundation: 216162199b28c13a410421893ffa2e32 -> 
  custom:video-decoder-ogg-theora: a1e56fd34408186e4bbccfd4996cb3dc -> 
  custom:container-muxer-webm: aa71ff27fc2769a1b78a27578f13a17b -> 
  custom:container-demuxer-webm: 4f35f7cbe854078d1ac9338744f61a02 -> 
  custom:container-demuxer-ogg: 62fdf1f143b41e24485cea50d1cbac27 -> 
  custom:video-encoder-webm-vp8: eb34c28f22e8b96e1ab97ce403110664 -> 
  custom:video-decoder-webm-vp8: 9c59270c3fd7afecdb556c50c9e8de78 -> 
  custom:audio-decoder-ogg-vorbis: bf7c407c2cedff20999df2af8eb42d56 -> 
  custom:audio-encoder-webm-vorbis: bf7c407c2cedff20999df2af8eb42d56 -> 
========================================================================
Received Import Request.
  Time since last request: 86.731668 seconds.
  path: Assets/Standard Assets/2D/Animator/2dCharacterAnimator.controller
  artifactKey: Guid(5fc43f0c4b413534ba12c51c0e5e5f6f) Importer(815301076,1909f56bfc062723c751e8b465ee728b)
Start importing Assets/Standard Assets/2D/Animator/2dCharacterAnimator.controller using Guid(5fc43f0c4b413534ba12c51c0e5e5f6f) Importer(815301076,1909f56bfc062723c751e8b465ee728b)  -> (artifact id: 'd2a5d1874dc2f66cbbfccf6a3c3e8272') in 0.018619 seconds 
========================================================================
Received Prepare
Registering precompiled user dll's ...
Registered in 0.002402 seconds.
Begin MonoManager ReloadAssembly
Native extension for WindowsStandalone target not found
Native extension for WebGL target not found
Refreshing native plugins compatible for Editor in 0.54 ms, found 3 plugins.
Preloading 0 native plugins for Editor in 0.00 ms.
[ScriptCompilation] NOT recompiling all scripts because this is an import worker process. Reason to compile was: Define symbols changed
PlayerSettings Validation: Requested build target group (20) doesn't exist; #define symbols for scripting won't be added.
UnityEngine.StackTraceUtility:ExtractStackTrace ()
UnityEditor.PlayerSettings:SetScriptingDefineSymbolsForGroup (UnityEditor.BuildTargetGroup,string)
UnityStandardAssets.CrossPlatformInput.Inspector.CrossPlatformInitialize:SetEnabled (string,bool,bool) (at Assets/Standard Assets/Editor/CrossPlatformInput/CrossPlatformInputInitialize.cs:128)
UnityStandardAssets.CrossPlatformInput.Inspector.CrossPlatformInitialize:.cctor () (at Assets/Standard Assets/Editor/CrossPlatformInput/CrossPlatformInputInitialize.cs:22)
System.Runtime.CompilerServices.RuntimeHelpers:RunClassConstructor (System.RuntimeTypeHandle)
UnityEditor.EditorAssemblies:ProcessInitializeOnLoadAttributes (System.Type[])

[Assets/Standard Assets/Editor/CrossPlatformInput/CrossPlatformInputInitialize.cs line 128]

PlayerSettings Validation: Requested build target group (22) doesn't exist; #define symbols for scripting won't be added.
UnityEngine.StackTraceUtility:ExtractStackTrace ()
UnityEditor.PlayerSettings:SetScriptingDefineSymbolsForGroup (UnityEditor.BuildTargetGroup,string)
UnityStandardAssets.CrossPlatformInput.Inspector.CrossPlatformInitialize:SetEnabled (string,bool,bool) (at Assets/Standard Assets/Editor/CrossPlatformInput/CrossPlatformInputInitialize.cs:128)
UnityStandardAssets.CrossPlatformInput.Inspector.CrossPlatformInitialize:.cctor () (at Assets/Standard Assets/Editor/CrossPlatformInput/CrossPlatformInputInitialize.cs:22)
System.Runtime.CompilerServices.RuntimeHelpers:RunClassConstructor (System.RuntimeTypeHandle)
UnityEditor.EditorAssemblies:ProcessInitializeOnLoadAttributes (System.Type[])

[Assets/Standard Assets/Editor/CrossPlatformInput/CrossPlatformInputInitialize.cs line 128]

PlayerSettings Validation: Requested build target group (17) doesn't exist; #define symbols for scripting won't be added.
UnityEngine.StackTraceUtility:ExtractStackTrace ()
UnityEditor.PlayerSettings:SetScriptingDefineSymbolsForGroup (UnityEditor.BuildTargetGroup,string)
UnityStandardAssets.CrossPlatformInput.Inspector.CrossPlatformInitialize:SetEnabled (string,bool,bool) (at Assets/Standard Assets/Editor/CrossPlatformInput/CrossPlatformInputInitialize.cs:128)
UnityStandardAssets.CrossPlatformInput.Inspector.CrossPlatformInitialize:.cctor () (at Assets/Standard Assets/Editor/CrossPlatformInput/CrossPlatformInputInitialize.cs:22)
System.Runtime.CompilerServices.RuntimeHelpers:RunClassConstructor (System.RuntimeTypeHandle)
UnityEditor.EditorAssemblies:ProcessInitializeOnLoadAttributes (System.Type[])

[Assets/Standard Assets/Editor/CrossPlatformInput/CrossPlatformInputInitialize.cs line 128]

Mono: successfully reloaded assembly
- Completed reload, in  0.848 seconds
Domain Reload Profiling:
	ReloadAssembly (849ms)
		BeginReloadAssembly (97ms)
			ExecutionOrderSort (0ms)
			DisableScriptedObjects (5ms)
			BackupInstance (0ms)
			ReleaseScriptingObjects (0ms)
			CreateAndSetChildDomain (31ms)
		EndReloadAssembly (700ms)
			LoadAssemblies (82ms)
			RebuildTransferFunctionScriptingTraits (0ms)
			SetupTypeCache (243ms)
			ReleaseScriptCaches (1ms)
			RebuildScriptCaches (37ms)
			SetupLoadedEditorAssemblies (258ms)
				LogAssemblyErrors (0ms)
				InitializePlatformSupportModulesInManaged (5ms)
				SetLoadedEditorAssemblies (0ms)
				RefreshPlugins (1ms)
				BeforeProcessingInitializeOnLoad (82ms)
				ProcessInitializeOnLoadAttributes (155ms)
				ProcessInitializeOnLoadMethodAttributes (9ms)
				AfterProcessingInitializeOnLoad (5ms)
				EditorAssembliesLoaded (0ms)
			ExecutionOrderSort2 (0ms)
			AwakeInstancesAfterBackupRestoration (7ms)
Platform modules already initialized, skipping
Refreshing native plugins compatible for Editor in 0.51 ms, found 3 plugins.
Preloading 0 native plugins for Editor in 0.00 ms.
Unloading 2237 Unused Serialized files (Serialized files now loaded: 0)
System memory in use before: 101.3 MB.
System memory in use after: 101.3 MB.

Unloading 20 unused Assets to reduce memory usage. Loaded Objects now: 2686.
Total: 3.309900 ms (FindLiveObjects: 0.205800 ms CreateObjectMapping: 0.068000 ms MarkObjects: 2.913100 ms  DeleteObjects: 0.122100 ms)

AssetImportParameters requested are different than current active one (requested -> active):
  custom:framework-win-MediaFoundation: 216162199b28c13a410421893ffa2e32 -> 
  custom:video-decoder-ogg-theora: a1e56fd34408186e4bbccfd4996cb3dc -> 
  custom:container-muxer-webm: aa71ff27fc2769a1b78a27578f13a17b -> 
  custom:container-demuxer-webm: 4f35f7cbe854078d1ac9338744f61a02 -> 
  custom:container-demuxer-ogg: 62fdf1f143b41e24485cea50d1cbac27 -> 
  custom:video-encoder-webm-vp8: eb34c28f22e8b96e1ab97ce403110664 -> 
  custom:video-decoder-webm-vp8: 9c59270c3fd7afecdb556c50c9e8de78 -> 
  custom:audio-decoder-ogg-vorbis: bf7c407c2cedff20999df2af8eb42d56 -> 
  custom:audio-encoder-webm-vorbis: bf7c407c2cedff20999df2af8eb42d56 -> 
========================================================================
Received Prepare
Registering precompiled user dll's ...
Registered in 0.002360 seconds.
Begin MonoManager ReloadAssembly
Native extension for WindowsStandalone target not found
Native extension for WebGL target not found
Refreshing native plugins compatible for Editor in 0.53 ms, found 3 plugins.
Preloading 0 native plugins for Editor in 0.00 ms.
[ScriptCompilation] NOT recompiling all scripts because this is an import worker process. Reason to compile was: Define symbols changed
PlayerSettings Validation: Requested build target group (20) doesn't exist; #define symbols for scripting won't be added.
UnityEngine.StackTraceUtility:ExtractStackTrace ()
UnityEditor.PlayerSettings:SetScriptingDefineSymbolsForGroup (UnityEditor.BuildTargetGroup,string)
UnityStandardAssets.CrossPlatformInput.Inspector.CrossPlatformInitialize:SetEnabled (string,bool,bool) (at Assets/Standard Assets/Editor/CrossPlatformInput/CrossPlatformInputInitialize.cs:128)
UnityStandardAssets.CrossPlatformInput.Inspector.CrossPlatformInitialize:.cctor () (at Assets/Standard Assets/Editor/CrossPlatformInput/CrossPlatformInputInitialize.cs:22)
System.Runtime.CompilerServices.RuntimeHelpers:RunClassConstructor (System.RuntimeTypeHandle)
UnityEditor.EditorAssemblies:ProcessInitializeOnLoadAttributes (System.Type[])

[Assets/Standard Assets/Editor/CrossPlatformInput/CrossPlatformInputInitialize.cs line 128]

PlayerSettings Validation: Requested build target group (22) doesn't exist; #define symbols for scripting won't be added.
UnityEngine.StackTraceUtility:ExtractStackTrace ()
UnityEditor.PlayerSettings:SetScriptingDefineSymbolsForGroup (UnityEditor.BuildTargetGroup,string)
UnityStandardAssets.CrossPlatformInput.Inspector.CrossPlatformInitialize:SetEnabled (string,bool,bool) (at Assets/Standard Assets/Editor/CrossPlatformInput/CrossPlatformInputInitialize.cs:128)
UnityStandardAssets.CrossPlatformInput.Inspector.CrossPlatformInitialize:.cctor () (at Assets/Standard Assets/Editor/CrossPlatformInput/CrossPlatformInputInitialize.cs:22)
System.Runtime.CompilerServices.RuntimeHelpers:RunClassConstructor (System.RuntimeTypeHandle)
UnityEditor.EditorAssemblies:ProcessInitializeOnLoadAttributes (System.Type[])

[Assets/Standard Assets/Editor/CrossPlatformInput/CrossPlatformInputInitialize.cs line 128]

PlayerSettings Validation: Requested build target group (17) doesn't exist; #define symbols for scripting won't be added.
UnityEngine.StackTraceUtility:ExtractStackTrace ()
UnityEditor.PlayerSettings:SetScriptingDefineSymbolsForGroup (UnityEditor.BuildTargetGroup,string)
UnityStandardAssets.CrossPlatformInput.Inspector.CrossPlatformInitialize:SetEnabled (string,bool,bool) (at Assets/Standard Assets/Editor/CrossPlatformInput/CrossPlatformInputInitialize.cs:128)
UnityStandardAssets.CrossPlatformInput.Inspector.CrossPlatformInitialize:.cctor () (at Assets/Standard Assets/Editor/CrossPlatformInput/CrossPlatformInputInitialize.cs:22)
System.Runtime.CompilerServices.RuntimeHelpers:RunClassConstructor (System.RuntimeTypeHandle)
UnityEditor.EditorAssemblies:ProcessInitializeOnLoadAttributes (System.Type[])

[Assets/Standard Assets/Editor/CrossPlatformInput/CrossPlatformInputInitialize.cs line 128]

Mono: successfully reloaded assembly
- Completed reload, in  0.839 seconds
Domain Reload Profiling:
	ReloadAssembly (840ms)
		BeginReloadAssembly (98ms)
			ExecutionOrderSort (0ms)
			DisableScriptedObjects (5ms)
			BackupInstance (0ms)
			ReleaseScriptingObjects (0ms)
			CreateAndSetChildDomain (32ms)
		EndReloadAssembly (690ms)
			LoadAssemblies (75ms)
			RebuildTransferFunctionScriptingTraits (0ms)
			SetupTypeCache (232ms)
			ReleaseScriptCaches (1ms)
			RebuildScriptCaches (36ms)
			SetupLoadedEditorAssemblies (263ms)
				LogAssemblyErrors (0ms)
				InitializePlatformSupportModulesInManaged (5ms)
				SetLoadedEditorAssemblies (0ms)
				RefreshPlugins (1ms)
				BeforeProcessingInitializeOnLoad (84ms)
				ProcessInitializeOnLoadAttributes (159ms)
				ProcessInitializeOnLoadMethodAttributes (10ms)
				AfterProcessingInitializeOnLoad (5ms)
				EditorAssembliesLoaded (0ms)
			ExecutionOrderSort2 (0ms)
			AwakeInstancesAfterBackupRestoration (8ms)
Platform modules already initialized, skipping
Refreshing native plugins compatible for Editor in 0.55 ms, found 3 plugins.
Preloading 0 native plugins for Editor in 0.00 ms.
Unloading 2237 Unused Serialized files (Serialized files now loaded: 0)
System memory in use before: 101.5 MB.
System memory in use after: 101.5 MB.

Unloading 20 unused Assets to reduce memory usage. Loaded Objects now: 2689.
Total: 3.905200 ms (FindLiveObjects: 0.224300 ms CreateObjectMapping: 0.068800 ms MarkObjects: 3.486100 ms  DeleteObjects: 0.124400 ms)

AssetImportParameters requested are different than current active one (requested -> active):
  custom:framework-win-MediaFoundation: 216162199b28c13a410421893ffa2e32 -> 
  custom:video-decoder-ogg-theora: a1e56fd34408186e4bbccfd4996cb3dc -> 
  custom:container-muxer-webm: aa71ff27fc2769a1b78a27578f13a17b -> 
  custom:container-demuxer-webm: 4f35f7cbe854078d1ac9338744f61a02 -> 
  custom:container-demuxer-ogg: 62fdf1f143b41e24485cea50d1cbac27 -> 
  custom:video-encoder-webm-vp8: eb34c28f22e8b96e1ab97ce403110664 -> 
  custom:video-decoder-webm-vp8: 9c59270c3fd7afecdb556c50c9e8de78 -> 
  custom:audio-decoder-ogg-vorbis: bf7c407c2cedff20999df2af8eb42d56 -> 
  custom:audio-encoder-webm-vorbis: bf7c407c2cedff20999df2af8eb42d56 -> 
========================================================================
Received Import Request.
  Time since last request: 664.216223 seconds.
  path: Assets/Standard Assets/2D/Sprites/BackgroundGreyGridSprite.png
  artifactKey: Guid(cbbabe9e292f5604897926494bb38fef) Importer(815301076,1909f56bfc062723c751e8b465ee728b)
Start importing Assets/Standard Assets/2D/Sprites/BackgroundGreyGridSprite.png using Guid(cbbabe9e292f5604897926494bb38fef) Importer(815301076,1909f56bfc062723c751e8b465ee728b)  -> (artifact id: 'fcbde70045d35d39a38fc4d6d0940cf3') in 0.050918 seconds 
========================================================================
Received Import Request.
  Time since last request: 0.000249 seconds.
  path: Assets/Standard Assets/2D/Sprites/PlatformWhiteSprite.png
  artifactKey: Guid(d90a8faf6fb9540b084ef2825cc3a5dc) Importer(815301076,1909f56bfc062723c751e8b465ee728b)
Start importing Assets/Standard Assets/2D/Sprites/PlatformWhiteSprite.png using Guid(d90a8faf6fb9540b084ef2825cc3a5dc) Importer(815301076,1909f56bfc062723c751e8b465ee728b)  -> (artifact id: '24ec9f1d3ebbf2a3724e985f09683181') in 0.010465 seconds 
========================================================================
Received Import Request.
  Time since last request: 0.000308 seconds.
  path: Assets/Standard Assets/2D/Sprites/RobotBoyDeathSprite.png
  artifactKey: Guid(f45a39483cf4f914a816af821c9262bb) Importer(815301076,1909f56bfc062723c751e8b465ee728b)
Start importing Assets/Standard Assets/2D/Sprites/RobotBoyDeathSprite.png using Guid(f45a39483cf4f914a816af821c9262bb) Importer(815301076,1909f56bfc062723c751e8b465ee728b)  -> (artifact id: '0005967fe43a801f485b532d56859709') in 0.099796 seconds 
========================================================================
Received Import Request.
  Time since last request: 0.000229 seconds.
  path: Assets/Standard Assets/2D/Sprites/RobotBoyJumpSprite.png
  artifactKey: Guid(9e1a2edf6149977479db158e4fbf9671) Importer(815301076,1909f56bfc062723c751e8b465ee728b)
Start importing Assets/Standard Assets/2D/Sprites/RobotBoyJumpSprite.png using Guid(9e1a2edf6149977479db158e4fbf9671) Importer(815301076,1909f56bfc062723c751e8b465ee728b)  -> (artifact id: '75131fcf9801e9937fd46e982d6ef773') in 0.096562 seconds 
========================================================================
Received Import Request.
  Time since last request: 0.000230 seconds.
  path: Assets/Standard Assets/2D/Sprites/RobotBoyRollSprite.png
  artifactKey: Guid(fc67a9002ed4034419f91d0d85bd6b24) Importer(815301076,1909f56bfc062723c751e8b465ee728b)
Start importing Assets/Standard Assets/2D/Sprites/RobotBoyRollSprite.png using Guid(fc67a9002ed4034419f91d0d85bd6b24) Importer(815301076,1909f56bfc062723c751e8b465ee728b)  -> (artifact id: '043311a9d9b43ef4f7118c926b723c17') in 0.085934 seconds 
========================================================================
Received Import Request.
  Time since last request: 0.000265 seconds.
  path: Assets/Standard Assets/2D/Sprites/RobotBoyWalkSprite.png
  artifactKey: Guid(feda0c18015b3284cabbc0da85254f9a) Importer(815301076,1909f56bfc062723c751e8b465ee728b)
Start importing Assets/Standard Assets/2D/Sprites/RobotBoyWalkSprite.png using Guid(feda0c18015b3284cabbc0da85254f9a) Importer(815301076,1909f56bfc062723c751e8b465ee728b)  -> (artifact id: 'bba2c6d2d5f3cd99395ec5fb3034347e') in 0.061533 seconds 
========================================================================
Received Import Request.
  Time since last request: 0.000233 seconds.
  path: Assets/Standard Assets/2D/Sprites/RobotBoyIdleSprite.png
  artifactKey: Guid(8fb98a6035269e64a998f9b56828fc4f) Importer(815301076,1909f56bfc062723c751e8b465ee728b)
Start importing Assets/Standard Assets/2D/Sprites/RobotBoyIdleSprite.png using Guid(8fb98a6035269e64a998f9b56828fc4f) Importer(815301076,1909f56bfc062723c751e8b465ee728b)  -> (artifact id: 'b49430138d1130212da6eb206bd480e4') in 0.107663 seconds 
========================================================================
Received Import Request.
  Time since last request: 0.000579 seconds.
  path: Assets/Standard Assets/2D/Sprites/CratePinkGridSprite.png
  artifactKey: Guid(12ef7cbdfe0e143fa858a324456c8979) Importer(815301076,1909f56bfc062723c751e8b465ee728b)
Start importing Assets/Standard Assets/2D/Sprites/CratePinkGridSprite.png using Guid(12ef7cbdfe0e143fa858a324456c8979) Importer(815301076,1909f56bfc062723c751e8b465ee728b)  -> (artifact id: 'd8b0c9fb2ea1b678048ffe5cd617c752') in 0.010617 seconds 
========================================================================
Received Import Request.
  Time since last request: 0.000215 seconds.
  path: Assets/Standard Assets/2D/Sprites/BackgroundNavyGridSprite.png
  artifactKey: Guid(1d0c184845252df44a655359de388cb8) Importer(815301076,1909f56bfc062723c751e8b465ee728b)
Start importing Assets/Standard Assets/2D/Sprites/BackgroundNavyGridSprite.png using Guid(1d0c184845252df44a655359de388cb8) Importer(815301076,1909f56bfc062723c751e8b465ee728b)  -> (artifact id: '45b92150fab63f72dc4925a39976e6b6') in 0.010593 seconds 
========================================================================
Received Import Request.
  Time since last request: 0.000273 seconds.
  path: Assets/Standard Assets/2D/Sprites/RobotBoyCrouchSprite.png
  artifactKey: Guid(d40c191aa46654db7a426d6a1fa3aa30) Importer(815301076,1909f56bfc062723c751e8b465ee728b)
Start importing Assets/Standard Assets/2D/Sprites/RobotBoyCrouchSprite.png using Guid(d40c191aa46654db7a426d6a1fa3aa30) Importer(815301076,1909f56bfc062723c751e8b465ee728b)  -> (artifact id: '419700ec9ac3f7ce4b69b8ca18d52158') in 0.079264 seconds 
========================================================================
Received Import Request.
  Time since last request: 0.000226 seconds.
  path: Assets/Standard Assets/2D/Sprites/RobotBoyRunSprite.png
  artifactKey: Guid(803baf1ea73913f46b25e07d0a79df22) Importer(815301076,1909f56bfc062723c751e8b465ee728b)
Start importing Assets/Standard Assets/2D/Sprites/RobotBoyRunSprite.png using Guid(803baf1ea73913f46b25e07d0a79df22) Importer(815301076,1909f56bfc062723c751e8b465ee728b)  -> (artifact id: 'abda01553ff18af960dd8689679133e7') in 0.061855 seconds 
========================================================================
Received Import Request.
  Time since last request: 0.161146 seconds.
  path: Assets/Standard Assets/2D/Scripts
  artifactKey: Guid(b656cca21e797074a84563027a508ce1) Importer(815301076,1909f56bfc062723c751e8b465ee728b)
Start importing Assets/Standard Assets/2D/Scripts using Guid(b656cca21e797074a84563027a508ce1) Importer(815301076,1909f56bfc062723c751e8b465ee728b)  -> (artifact id: 'c937e57f512588bca676ed216f437c82') in 0.002497 seconds 
========================================================================
Received Import Request.
  Time since last request: 11.121712 seconds.
  path: Assets/Standard Assets/2D/Scripts/Steps.cs
  artifactKey: Guid(04e1cb943f3b276479e73ec6e38fabb4) Importer(815301076,1909f56bfc062723c751e8b465ee728b)
Start importing Assets/Standard Assets/2D/Scripts/Steps.cs using Guid(04e1cb943f3b276479e73ec6e38fabb4) Importer(815301076,1909f56bfc062723c751e8b465ee728b)  -> (artifact id: '5e261b8a71c9c447395152d7b0395d20') in 0.002382 seconds 
========================================================================
Received Prepare
Registering precompiled user dll's ...
Registered in 0.002435 seconds.
Begin MonoManager ReloadAssembly
Native extension for WindowsStandalone target not found
Native extension for WebGL target not found
Refreshing native plugins compatible for Editor in 0.52 ms, found 3 plugins.
Preloading 0 native plugins for Editor in 0.00 ms.
[ScriptCompilation] NOT recompiling all scripts because this is an import worker process. Reason to compile was: Define symbols changed
PlayerSettings Validation: Requested build target group (20) doesn't exist; #define symbols for scripting won't be added.
UnityEngine.StackTraceUtility:ExtractStackTrace ()
UnityEditor.PlayerSettings:SetScriptingDefineSymbolsForGroup (UnityEditor.BuildTargetGroup,string)
UnityStandardAssets.CrossPlatformInput.Inspector.CrossPlatformInitialize:SetEnabled (string,bool,bool) (at Assets/Standard Assets/Editor/CrossPlatformInput/CrossPlatformInputInitialize.cs:128)
UnityStandardAssets.CrossPlatformInput.Inspector.CrossPlatformInitialize:.cctor () (at Assets/Standard Assets/Editor/CrossPlatformInput/CrossPlatformInputInitialize.cs:22)
System.Runtime.CompilerServices.RuntimeHelpers:RunClassConstructor (System.RuntimeTypeHandle)
UnityEditor.EditorAssemblies:ProcessInitializeOnLoadAttributes (System.Type[])

[Assets/Standard Assets/Editor/CrossPlatformInput/CrossPlatformInputInitialize.cs line 128]

PlayerSettings Validation: Requested build target group (22) doesn't exist; #define symbols for scripting won't be added.
UnityEngine.StackTraceUtility:ExtractStackTrace ()
UnityEditor.PlayerSettings:SetScriptingDefineSymbolsForGroup (UnityEditor.BuildTargetGroup,string)
UnityStandardAssets.CrossPlatformInput.Inspector.CrossPlatformInitialize:SetEnabled (string,bool,bool) (at Assets/Standard Assets/Editor/CrossPlatformInput/CrossPlatformInputInitialize.cs:128)
UnityStandardAssets.CrossPlatformInput.Inspector.CrossPlatformInitialize:.cctor () (at Assets/Standard Assets/Editor/CrossPlatformInput/CrossPlatformInputInitialize.cs:22)
System.Runtime.CompilerServices.RuntimeHelpers:RunClassConstructor (System.RuntimeTypeHandle)
UnityEditor.EditorAssemblies:ProcessInitializeOnLoadAttributes (System.Type[])

[Assets/Standard Assets/Editor/CrossPlatformInput/CrossPlatformInputInitialize.cs line 128]

PlayerSettings Validation: Requested build target group (17) doesn't exist; #define symbols for scripting won't be added.
UnityEngine.StackTraceUtility:ExtractStackTrace ()
UnityEditor.PlayerSettings:SetScriptingDefineSymbolsForGroup (UnityEditor.BuildTargetGroup,string)
UnityStandardAssets.CrossPlatformInput.Inspector.CrossPlatformInitialize:SetEnabled (string,bool,bool) (at Assets/Standard Assets/Editor/CrossPlatformInput/CrossPlatformInputInitialize.cs:128)
UnityStandardAssets.CrossPlatformInput.Inspector.CrossPlatformInitialize:.cctor () (at Assets/Standard Assets/Editor/CrossPlatformInput/CrossPlatformInputInitialize.cs:22)
System.Runtime.CompilerServices.RuntimeHelpers:RunClassConstructor (System.RuntimeTypeHandle)
UnityEditor.EditorAssemblies:ProcessInitializeOnLoadAttributes (System.Type[])

[Assets/Standard Assets/Editor/CrossPlatformInput/CrossPlatformInputInitialize.cs line 128]

Mono: successfully reloaded assembly
- Completed reload, in  1.009 seconds
Domain Reload Profiling:
	ReloadAssembly (1010ms)
		BeginReloadAssembly (99ms)
			ExecutionOrderSort (0ms)
			DisableScriptedObjects (5ms)
			BackupInstance (0ms)
			ReleaseScriptingObjects (0ms)
			CreateAndSetChildDomain (32ms)
		EndReloadAssembly (857ms)
			LoadAssemblies (82ms)
			RebuildTransferFunctionScriptingTraits (0ms)
			SetupTypeCache (270ms)
			ReleaseScriptCaches (1ms)
			RebuildScriptCaches (45ms)
			SetupLoadedEditorAssemblies (375ms)
				LogAssemblyErrors (0ms)
				InitializePlatformSupportModulesInManaged (4ms)
				SetLoadedEditorAssemblies (0ms)
				RefreshPlugins (1ms)
				BeforeProcessingInitializeOnLoad (122ms)
				ProcessInitializeOnLoadAttributes (232ms)
				ProcessInitializeOnLoadMethodAttributes (11ms)
				AfterProcessingInitializeOnLoad (5ms)
				EditorAssembliesLoaded (0ms)
			ExecutionOrderSort2 (0ms)
			AwakeInstancesAfterBackupRestoration (8ms)
Platform modules already initialized, skipping
Refreshing native plugins compatible for Editor in 0.53 ms, found 3 plugins.
Preloading 0 native plugins for Editor in 0.00 ms.
Unloading 2238 Unused Serialized files (Serialized files now loaded: 0)
System memory in use before: 101.6 MB.
System memory in use after: 101.6 MB.

Unloading 20 unused Assets to reduce memory usage. Loaded Objects now: 2698.
Total: 3.299300 ms (FindLiveObjects: 0.209000 ms CreateObjectMapping: 0.068700 ms MarkObjects: 2.886600 ms  DeleteObjects: 0.133800 ms)

AssetImportParameters requested are different than current active one (requested -> active):
  custom:framework-win-MediaFoundation: 216162199b28c13a410421893ffa2e32 -> 
  custom:video-decoder-ogg-theora: a1e56fd34408186e4bbccfd4996cb3dc -> 
  custom:container-muxer-webm: aa71ff27fc2769a1b78a27578f13a17b -> 
  custom:container-demuxer-webm: 4f35f7cbe854078d1ac9338744f61a02 -> 
  custom:container-demuxer-ogg: 62fdf1f143b41e24485cea50d1cbac27 -> 
  custom:video-encoder-webm-vp8: eb34c28f22e8b96e1ab97ce403110664 -> 
  custom:video-decoder-webm-vp8: 9c59270c3fd7afecdb556c50c9e8de78 -> 
  custom:audio-decoder-ogg-vorbis: bf7c407c2cedff20999df2af8eb42d56 -> 
  custom:audio-encoder-webm-vorbis: bf7c407c2cedff20999df2af8eb42d56 -> 
========================================================================
Received Import Request.
  Time since last request: 690.071621 seconds.
  path: Assets/Standard Assets/2D/Scripts/Steps.cs
  artifactKey: Guid(04e1cb943f3b276479e73ec6e38fabb4) Importer(815301076,1909f56bfc062723c751e8b465ee728b)
Start importing Assets/Standard Assets/2D/Scripts/Steps.cs using Guid(04e1cb943f3b276479e73ec6e38fabb4) Importer(815301076,1909f56bfc062723c751e8b465ee728b)  -> (artifact id: '71c397defc974d930eeb1fef16fee658') in 0.006435 seconds 
========================================================================
Received Prepare
Registering precompiled user dll's ...
Registered in 0.002394 seconds.
Begin MonoManager ReloadAssembly
Native extension for WindowsStandalone target not found
Native extension for WebGL target not found
Refreshing native plugins compatible for Editor in 0.53 ms, found 3 plugins.
Preloading 0 native plugins for Editor in 0.00 ms.
[ScriptCompilation] NOT recompiling all scripts because this is an import worker process. Reason to compile was: Define symbols changed
PlayerSettings Validation: Requested build target group (20) doesn't exist; #define symbols for scripting won't be added.
UnityEngine.StackTraceUtility:ExtractStackTrace ()
UnityEditor.PlayerSettings:SetScriptingDefineSymbolsForGroup (UnityEditor.BuildTargetGroup,string)
UnityStandardAssets.CrossPlatformInput.Inspector.CrossPlatformInitialize:SetEnabled (string,bool,bool) (at Assets/Standard Assets/Editor/CrossPlatformInput/CrossPlatformInputInitialize.cs:128)
UnityStandardAssets.CrossPlatformInput.Inspector.CrossPlatformInitialize:.cctor () (at Assets/Standard Assets/Editor/CrossPlatformInput/CrossPlatformInputInitialize.cs:22)
System.Runtime.CompilerServices.RuntimeHelpers:RunClassConstructor (System.RuntimeTypeHandle)
UnityEditor.EditorAssemblies:ProcessInitializeOnLoadAttributes (System.Type[])

[Assets/Standard Assets/Editor/CrossPlatformInput/CrossPlatformInputInitialize.cs line 128]

PlayerSettings Validation: Requested build target group (22) doesn't exist; #define symbols for scripting won't be added.
UnityEngine.StackTraceUtility:ExtractStackTrace ()
UnityEditor.PlayerSettings:SetScriptingDefineSymbolsForGroup (UnityEditor.BuildTargetGroup,string)
UnityStandardAssets.CrossPlatformInput.Inspector.CrossPlatformInitialize:SetEnabled (string,bool,bool) (at Assets/Standard Assets/Editor/CrossPlatformInput/CrossPlatformInputInitialize.cs:128)
UnityStandardAssets.CrossPlatformInput.Inspector.CrossPlatformInitialize:.cctor () (at Assets/Standard Assets/Editor/CrossPlatformInput/CrossPlatformInputInitialize.cs:22)
System.Runtime.CompilerServices.RuntimeHelpers:RunClassConstructor (System.RuntimeTypeHandle)
UnityEditor.EditorAssemblies:ProcessInitializeOnLoadAttributes (System.Type[])

[Assets/Standard Assets/Editor/CrossPlatformInput/CrossPlatformInputInitialize.cs line 128]

PlayerSettings Validation: Requested build target group (17) doesn't exist; #define symbols for scripting won't be added.
UnityEngine.StackTraceUtility:ExtractStackTrace ()
UnityEditor.PlayerSettings:SetScriptingDefineSymbolsForGroup (UnityEditor.BuildTargetGroup,string)
UnityStandardAssets.CrossPlatformInput.Inspector.CrossPlatformInitialize:SetEnabled (string,bool,bool) (at Assets/Standard Assets/Editor/CrossPlatformInput/CrossPlatformInputInitialize.cs:128)
UnityStandardAssets.CrossPlatformInput.Inspector.CrossPlatformInitialize:.cctor () (at Assets/Standard Assets/Editor/CrossPlatformInput/CrossPlatformInputInitialize.cs:22)
System.Runtime.CompilerServices.RuntimeHelpers:RunClassConstructor (System.RuntimeTypeHandle)
UnityEditor.EditorAssemblies:ProcessInitializeOnLoadAttributes (System.Type[])

[Assets/Standard Assets/Editor/CrossPlatformInput/CrossPlatformInputInitialize.cs line 128]

Mono: successfully reloaded assembly
- Completed reload, in  0.850 seconds
Domain Reload Profiling:
	ReloadAssembly (850ms)
		BeginReloadAssembly (99ms)
			ExecutionOrderSort (0ms)
			DisableScriptedObjects (5ms)
			BackupInstance (0ms)
			ReleaseScriptingObjects (0ms)
			CreateAndSetChildDomain (33ms)
		EndReloadAssembly (699ms)
			LoadAssemblies (80ms)
			RebuildTransferFunctionScriptingTraits (0ms)
			SetupTypeCache (238ms)
			ReleaseScriptCaches (1ms)
			RebuildScriptCaches (37ms)
			SetupLoadedEditorAssemblies (263ms)
				LogAssemblyErrors (0ms)
				InitializePlatformSupportModulesInManaged (4ms)
				SetLoadedEditorAssemblies (0ms)
				RefreshPlugins (1ms)
				BeforeProcessingInitializeOnLoad (83ms)
				ProcessInitializeOnLoadAttributes (160ms)
				ProcessInitializeOnLoadMethodAttributes (9ms)
				AfterProcessingInitializeOnLoad (5ms)
				EditorAssembliesLoaded (0ms)
			ExecutionOrderSort2 (0ms)
			AwakeInstancesAfterBackupRestoration (8ms)
Platform modules already initialized, skipping
Refreshing native plugins compatible for Editor in 0.52 ms, found 3 plugins.
Preloading 0 native plugins for Editor in 0.00 ms.
Unloading 2238 Unused Serialized files (Serialized files now loaded: 0)
System memory in use before: 101.6 MB.
System memory in use after: 101.6 MB.

Unloading 20 unused Assets to reduce memory usage. Loaded Objects now: 2701.
Total: 3.156500 ms (FindLiveObjects: 0.235800 ms CreateObjectMapping: 0.068700 ms MarkObjects: 2.721700 ms  DeleteObjects: 0.129300 ms)

AssetImportParameters requested are different than current active one (requested -> active):
  custom:framework-win-MediaFoundation: 216162199b28c13a410421893ffa2e32 -> 
  custom:video-decoder-ogg-theora: a1e56fd34408186e4bbccfd4996cb3dc -> 
  custom:container-muxer-webm: aa71ff27fc2769a1b78a27578f13a17b -> 
  custom:container-demuxer-webm: 4f35f7cbe854078d1ac9338744f61a02 -> 
  custom:container-demuxer-ogg: 62fdf1f143b41e24485cea50d1cbac27 -> 
  custom:video-encoder-webm-vp8: eb34c28f22e8b96e1ab97ce403110664 -> 
  custom:video-decoder-webm-vp8: 9c59270c3fd7afecdb556c50c9e8de78 -> 
  custom:audio-decoder-ogg-vorbis: bf7c407c2cedff20999df2af8eb42d56 -> 
  custom:audio-encoder-webm-vorbis: bf7c407c2cedff20999df2af8eb42d56 -> 
========================================================================
Received Import Request.
  Time since last request: 199.792266 seconds.
  path: Assets/Standard Assets/2D/Sounds
  artifactKey: Guid(d2d3515897e24b44bb87645b93b5c5c9) Importer(815301076,1909f56bfc062723c751e8b465ee728b)
Start importing Assets/Standard Assets/2D/Sounds using Guid(d2d3515897e24b44bb87645b93b5c5c9) Importer(815301076,1909f56bfc062723c751e8b465ee728b)  -> (artifact id: '5731a393905af8564f6d2e62d6a6eecc') in 0.009165 seconds 
========================================================================
Received Prepare
Registering precompiled user dll's ...
Registered in 0.002421 seconds.
Begin MonoManager ReloadAssembly
Native extension for WindowsStandalone target not found
Native extension for WebGL target not found
Refreshing native plugins compatible for Editor in 0.52 ms, found 3 plugins.
Preloading 0 native plugins for Editor in 0.00 ms.
[ScriptCompilation] NOT recompiling all scripts because this is an import worker process. Reason to compile was: Define symbols changed
PlayerSettings Validation: Requested build target group (20) doesn't exist; #define symbols for scripting won't be added.
UnityEngine.StackTraceUtility:ExtractStackTrace ()
UnityEditor.PlayerSettings:SetScriptingDefineSymbolsForGroup (UnityEditor.BuildTargetGroup,string)
UnityStandardAssets.CrossPlatformInput.Inspector.CrossPlatformInitialize:SetEnabled (string,bool,bool) (at Assets/Standard Assets/Editor/CrossPlatformInput/CrossPlatformInputInitialize.cs:128)
UnityStandardAssets.CrossPlatformInput.Inspector.CrossPlatformInitialize:.cctor () (at Assets/Standard Assets/Editor/CrossPlatformInput/CrossPlatformInputInitialize.cs:22)
System.Runtime.CompilerServices.RuntimeHelpers:RunClassConstructor (System.RuntimeTypeHandle)
UnityEditor.EditorAssemblies:ProcessInitializeOnLoadAttributes (System.Type[])

[Assets/Standard Assets/Editor/CrossPlatformInput/CrossPlatformInputInitialize.cs line 128]

PlayerSettings Validation: Requested build target group (22) doesn't exist; #define symbols for scripting won't be added.
UnityEngine.StackTraceUtility:ExtractStackTrace ()
UnityEditor.PlayerSettings:SetScriptingDefineSymbolsForGroup (UnityEditor.BuildTargetGroup,string)
UnityStandardAssets.CrossPlatformInput.Inspector.CrossPlatformInitialize:SetEnabled (string,bool,bool) (at Assets/Standard Assets/Editor/CrossPlatformInput/CrossPlatformInputInitialize.cs:128)
UnityStandardAssets.CrossPlatformInput.Inspector.CrossPlatformInitialize:.cctor () (at Assets/Standard Assets/Editor/CrossPlatformInput/CrossPlatformInputInitialize.cs:22)
System.Runtime.CompilerServices.RuntimeHelpers:RunClassConstructor (System.RuntimeTypeHandle)
UnityEditor.EditorAssemblies:ProcessInitializeOnLoadAttributes (System.Type[])

[Assets/Standard Assets/Editor/CrossPlatformInput/CrossPlatformInputInitialize.cs line 128]

PlayerSettings Validation: Requested build target group (17) doesn't exist; #define symbols for scripting won't be added.
UnityEngine.StackTraceUtility:ExtractStackTrace ()
UnityEditor.PlayerSettings:SetScriptingDefineSymbolsForGroup (UnityEditor.BuildTargetGroup,string)
UnityStandardAssets.CrossPlatformInput.Inspector.CrossPlatformInitialize:SetEnabled (string,bool,bool) (at Assets/Standard Assets/Editor/CrossPlatformInput/CrossPlatformInputInitialize.cs:128)
UnityStandardAssets.CrossPlatformInput.Inspector.CrossPlatformInitialize:.cctor () (at Assets/Standard Assets/Editor/CrossPlatformInput/CrossPlatformInputInitialize.cs:22)
System.Runtime.CompilerServices.RuntimeHelpers:RunClassConstructor (System.RuntimeTypeHandle)
UnityEditor.EditorAssemblies:ProcessInitializeOnLoadAttributes (System.Type[])

[Assets/Standard Assets/Editor/CrossPlatformInput/CrossPlatformInputInitialize.cs line 128]

Mono: successfully reloaded assembly
- Completed reload, in  0.823 seconds
Domain Reload Profiling:
	ReloadAssembly (823ms)
		BeginReloadAssembly (95ms)
			ExecutionOrderSort (0ms)
			DisableScriptedObjects (5ms)
			BackupInstance (0ms)
			ReleaseScriptingObjects (0ms)
			CreateAndSetChildDomain (28ms)
		EndReloadAssembly (672ms)
			LoadAssemblies (75ms)
			RebuildTransferFunctionScriptingTraits (0ms)
			SetupTypeCache (228ms)
			ReleaseScriptCaches (1ms)
			RebuildScriptCaches (36ms)
			SetupLoadedEditorAssemblies (253ms)
				LogAssemblyErrors (0ms)
				InitializePlatformSupportModulesInManaged (4ms)
				SetLoadedEditorAssemblies (0ms)
				RefreshPlugins (1ms)
				BeforeProcessingInitializeOnLoad (81ms)
				ProcessInitializeOnLoadAttributes (153ms)
				ProcessInitializeOnLoadMethodAttributes (8ms)
				AfterProcessingInitializeOnLoad (5ms)
				EditorAssembliesLoaded (0ms)
			ExecutionOrderSort2 (0ms)
			AwakeInstancesAfterBackupRestoration (7ms)
Platform modules already initialized, skipping
Refreshing native plugins compatible for Editor in 0.52 ms, found 3 plugins.
Preloading 0 native plugins for Editor in 0.00 ms.
Unloading 2238 Unused Serialized files (Serialized files now loaded: 0)
System memory in use before: 101.6 MB.
System memory in use after: 101.6 MB.

Unloading 20 unused Assets to reduce memory usage. Loaded Objects now: 2704.
Total: 3.424900 ms (FindLiveObjects: 0.206500 ms CreateObjectMapping: 0.068100 ms MarkObjects: 3.023400 ms  DeleteObjects: 0.125700 ms)

AssetImportParameters requested are different than current active one (requested -> active):
  custom:framework-win-MediaFoundation: 216162199b28c13a410421893ffa2e32 -> 
  custom:video-decoder-ogg-theora: a1e56fd34408186e4bbccfd4996cb3dc -> 
  custom:container-muxer-webm: aa71ff27fc2769a1b78a27578f13a17b -> 
  custom:container-demuxer-webm: 4f35f7cbe854078d1ac9338744f61a02 -> 
  custom:container-demuxer-ogg: 62fdf1f143b41e24485cea50d1cbac27 -> 
  custom:video-encoder-webm-vp8: eb34c28f22e8b96e1ab97ce403110664 -> 
  custom:video-decoder-webm-vp8: 9c59270c3fd7afecdb556c50c9e8de78 -> 
  custom:audio-decoder-ogg-vorbis: bf7c407c2cedff20999df2af8eb42d56 -> 
  custom:audio-encoder-webm-vorbis: bf7c407c2cedff20999df2af8eb42d56 -> 
AssetImportWorkerClient::OnTransportError - code=2 error=End of file
